<?xml version="1.0" encoding="UTF-8"?>
<testng-results ignored="0" total="1" passed="1" failed="0" skipped="0">
  <reporter-output>
  </reporter-output>
  <suite started-at="2023-01-26T11:37:50 WAT" name="Default suite" finished-at="2023-01-26T11:38:06 WAT" duration-ms="15204">
    <groups>
    </groups>
    <test started-at="2023-01-26T11:37:50 WAT" name="Default test" finished-at="2023-01-26T11:38:06 WAT" duration-ms="15204">
      <class name="herokuapp.TC_002_VerifyInvalidLogin">
        <test-method is-config="true" signature="setUp()[pri:0, instance:herokuapp.TC_002_VerifyInvalidLogin@702b8b12]" started-at="2023-01-26T11:37:50 WAT" name="setUp" finished-at="2023-01-26T11:37:59 WAT" duration-ms="8500" status="PASS">
          <reporter-output>
          </reporter-output>
        </test-method> <!-- setUp -->
        <test-method signature="Invalidlogin()[pri:0, instance:herokuapp.TC_002_VerifyInvalidLogin@702b8b12]" started-at="2023-01-26T11:37:59 WAT" name="Invalidlogin" finished-at="2023-01-26T11:38:06 WAT" duration-ms="6589" status="PASS">
          <reporter-output>
          </reporter-output>
        </test-method> <!-- Invalidlogin -->
        <test-method is-config="true" signature="tearDown()[pri:0, instance:herokuapp.TC_002_VerifyInvalidLogin@702b8b12]" started-at="2023-01-26T11:38:06 WAT" name="tearDown" finished-at="2023-01-26T11:38:06 WAT" duration-ms="1" status="PASS">
          <reporter-output>
          </reporter-output>
        </test-method> <!-- tearDown -->
      </class> <!-- herokuapp.TC_002_VerifyInvalidLogin -->
    </test> <!-- Default test -->
  </suite> <!-- Default suite -->
</testng-results>
